<?xml version="1.0" encoding="UTF-8"?>
<!-- Generated by org.testng.reporters.JUnitReportReporter -->
<testsuite hostname="THAMU" failures="0" tests="4" name="TestNG.Grouptest" time="0.012" errors="0" timestamp="2023-03-23T13:38:13 IST" skipped="0">
  <testcase classname="TestNG.Grouptest" name="firsttest" time="0.004"/>
  <system-out/>
  <testcase classname="TestNG.Grouptest" name="thirdtest" time="0.001"/>
  <system-out/>
  <testcase classname="TestNG.Grouptest" name="secondtest" time="0.003"/>
  <system-out/>
  <testcase classname="TestNG.Grouptest" name="fourthtest" time="0.004"/>
  <system-out/>
</testsuite> <!-- TestNG.Grouptest -->
