<?xml version="1.0" encoding="UTF-8"?>
<!-- Generated by org.testng.reporters.JUnitReportReporter -->
<testsuite hostname="THAMU" failures="0" tests="1" name="RealTimeProject1.calculateEMIdemo" time="25.038" errors="0" timestamp="2023-07-10T15:50:46 IST" skipped="0">
  <testcase classname="RealTimeProject1.calculateEMIdemo" name="calculateEMI" time="25.038"/>
  <system-out/>
</testsuite> <!-- RealTimeProject1.calculateEMIdemo -->
