<?xml version="1.0" encoding="UTF-8"?>
<!-- Generated by org.testng.reporters.JUnitReportReporter -->
<testsuite hostname="THAMU" failures="0" tests="4" name="TestNG.TestAttribute.successpercentage" time="0.024" errors="0" timestamp="2023-03-20T13:27:07 IST" skipped="0">
  <testcase classname="TestNG.TestAttribute.successpercentage" name="testng1" time="0.004"/>
  <system-out/>
  <testcase classname="TestNG.TestAttribute.successpercentage" name="testng1" time="0.003"/>
  <system-out/>
  <testcase classname="TestNG.TestAttribute.successpercentage" name="testng1" time="0.002"/>
  <system-out/>
  <testcase classname="TestNG.TestAttribute.successpercentage" name="testng1" time="0.015"/>
  <system-out/>
</testsuite> <!-- TestNG.TestAttribute.successpercentage -->
