<?xml version="1.0" encoding="UTF-8"?>
<!-- Generated by org.testng.reporters.JUnitReportReporter -->
<testsuite hostname="THAMU" failures="0" tests="2" name="com.amazon.testcases.LoginPageTest" time="92.179" errors="0" timestamp="2023-03-29T18:18:11 IST" skipped="0">
  <testcase classname="com.amazon.testcases.LoginPageTest" name="verifylogo" time="48.981"/>
  <system-out/>
  <testcase classname="com.amazon.testcases.LoginPageTest" name="verifyLogin" time="43.198"/>
  <system-out/>
</testsuite> <!-- com.amazon.testcases.LoginPageTest -->
