<?xml version="1.0" encoding="UTF-8"?>
<!-- Generated by org.testng.reporters.JUnitReportReporter -->
<testsuite hostname="THAMU" failures="0" tests="1" name="TestNG.datepicker" time="25.921" errors="0" timestamp="2023-06-20T16:24:54 IST" skipped="0">
  <testcase classname="TestNG.datepicker" name="tripDetails" time="25.921"/>
  <system-out/>
</testsuite> <!-- TestNG.datepicker -->
