<?xml version="1.0" encoding="UTF-8"?>
<!-- Generated by org.testng.reporters.JUnitReportReporter -->
<testsuite hostname="THAMU" failures="0" tests="1" name="Brokenlinks.BrokenLink" time="213.712" errors="0" timestamp="2023-08-25T13:12:08 IST" skipped="0">
  <testcase classname="Brokenlinks.BrokenLink" name="brokenLinkTest" time="213.712"/>
  <system-out/>
</testsuite> <!-- Brokenlinks.BrokenLink -->
