<?xml version="1.0" encoding="UTF-8"?>
<!-- Generated by org.testng.reporters.JUnitReportReporter -->
<testsuite hostname="THAMU" failures="0" tests="50" name="TestNG.successpercentage" time="0.624" errors="0" timestamp="2023-06-10T08:17:27 IST" skipped="0">
  <testcase classname="TestNG.successpercentage" name="testng1" time="0.005"/>
  <system-out/>
  <testcase classname="TestNG.successpercentage" name="testng1" time="0.002"/>
  <system-out/>
  <testcase classname="TestNG.successpercentage" name="testng1" time="0.006"/>
  <system-out/>
  <testcase classname="TestNG.successpercentage" name="testng1" time="0.003"/>
  <system-out/>
  <testcase classname="TestNG.successpercentage" name="testng1" time="0.004"/>
  <system-out/>
  <testcase classname="TestNG.successpercentage" name="testng1" time="0.004"/>
  <system-out/>
  <testcase classname="TestNG.successpercentage" name="testng1" time="0.002"/>
  <system-out/>
  <testcase classname="TestNG.successpercentage" name="testng1" time="0.001"/>
  <system-out/>
  <testcase classname="TestNG.successpercentage" name="testng1" time="0.008"/>
  <system-out/>
  <testcase classname="TestNG.successpercentage" name="testng1" time="0.002"/>
  <system-out/>
  <testcase classname="TestNG.successpercentage" name="testng1" time="0.007"/>
  <system-out/>
  <testcase classname="TestNG.successpercentage" name="testng1" time="0.002"/>
  <system-out/>
  <testcase classname="TestNG.successpercentage" name="testng1" time="0.003"/>
  <system-out/>
  <testcase classname="TestNG.successpercentage" name="testng1" time="0.004"/>
  <system-out/>
  <testcase classname="TestNG.successpercentage" name="testng1" time="0.004"/>
  <system-out/>
  <testcase classname="TestNG.successpercentage" name="testng1" time="0.002"/>
  <system-out/>
  <testcase classname="TestNG.successpercentage" name="testng1" time="0.002"/>
  <system-out/>
  <testcase classname="TestNG.successpercentage" name="testng1" time="0.005"/>
  <system-out/>
  <testcase classname="TestNG.successpercentage" name="testng1" time="0.012"/>
  <system-out/>
  <testcase classname="TestNG.successpercentage" name="testng1" time="0.005"/>
  <system-out/>
  <testcase classname="TestNG.successpercentage" name="testng1" time="0.435"/>
  <system-out/>
  <testcase classname="TestNG.successpercentage" name="testng1" time="0.002"/>
  <system-out/>
  <testcase classname="TestNG.successpercentage" name="testng1" time="0.005"/>
  <system-out/>
  <testcase classname="TestNG.successpercentage" name="testng1" time="0.001"/>
  <system-out/>
  <testcase classname="TestNG.successpercentage" name="testng1" time="0.002"/>
  <system-out/>
  <testcase classname="TestNG.successpercentage" name="testng1" time="0.002"/>
  <system-out/>
  <testcase classname="TestNG.successpercentage" name="testng1" time="0.009"/>
  <system-out/>
  <testcase classname="TestNG.successpercentage" name="testng1" time="0.003"/>
  <system-out/>
  <testcase classname="TestNG.successpercentage" name="testng1" time="0.002"/>
  <system-out/>
  <testcase classname="TestNG.successpercentage" name="testng1" time="0.005"/>
  <system-out/>
  <testcase classname="TestNG.successpercentage" name="testng1" time="0.001"/>
  <system-out/>
  <testcase classname="TestNG.successpercentage" name="testng1" time="0.003"/>
  <system-out/>
  <testcase classname="TestNG.successpercentage" name="testng1" time="0.005"/>
  <system-out/>
  <testcase classname="TestNG.successpercentage" name="testng1" time="0.001"/>
  <system-out/>
  <testcase classname="TestNG.successpercentage" name="testng1" time="0.007"/>
  <system-out/>
  <testcase classname="TestNG.successpercentage" name="testng1" time="0.002"/>
  <system-out/>
  <testcase classname="TestNG.successpercentage" name="testng1" time="0.002"/>
  <system-out/>
  <testcase classname="TestNG.successpercentage" name="testng1" time="0.003"/>
  <system-out/>
  <testcase classname="TestNG.successpercentage" name="testng1" time="0.003"/>
  <system-out/>
  <testcase classname="TestNG.successpercentage" name="testng1" time="0.003"/>
  <system-out/>
  <testcase classname="TestNG.successpercentage" name="testng1" time="0.004"/>
  <system-out/>
  <testcase classname="TestNG.successpercentage" name="testng1" time="0.002"/>
  <system-out/>
  <testcase classname="TestNG.successpercentage" name="testng1" time="0.009"/>
  <system-out/>
  <testcase classname="TestNG.successpercentage" name="testng1" time="0.006"/>
  <system-out/>
  <testcase classname="TestNG.successpercentage" name="testng1" time="0.008"/>
  <system-out/>
  <testcase classname="TestNG.successpercentage" name="testng1" time="0.005"/>
  <system-out/>
  <testcase classname="TestNG.successpercentage" name="testng1" time="0.003"/>
  <system-out/>
  <testcase classname="TestNG.successpercentage" name="testng1" time="0.002"/>
  <system-out/>
  <testcase classname="TestNG.successpercentage" name="testng1" time="0.002"/>
  <system-out/>
  <testcase classname="TestNG.successpercentage" name="testng1" time="0.004"/>
  <system-out/>
</testsuite> <!-- TestNG.successpercentage -->
