<?xml version="1.0" encoding="UTF-8"?>
<!-- Generated by org.testng.reporters.JUnitReportReporter -->
<testsuite hostname="THAMU" failures="0" tests="2" name="TestNG.annotation" time="0.007" errors="0" timestamp="2023-03-20T20:32:24 IST" skipped="0">
  <testcase classname="TestNG.annotation" name="Testcase2" time="0.003"/>
  <system-out/>
  <testcase classname="TestNG.annotation" name="Testcase1" time="0.004"/>
  <system-out/>
</testsuite> <!-- TestNG.annotation -->
