<?xml version="1.0" encoding="UTF-8"?>
<!-- Generated by org.testng.reporters.JUnitReportReporter -->
<testsuite hostname="THAMU" failures="0" tests="2" name="com.qa.Testcases.OpenCartTest" time="4.556" errors="0" timestamp="2023-06-22T17:07:48 IST" skipped="0">
  <testcase classname="com.qa.Testcases.OpenCartTest" name="logoTest" time="2.982"/>
  <system-out/>
  <testcase classname="com.qa.Testcases.OpenCartTest" name="forgotpasswordlink" time="1.574"/>
  <system-out/>
</testsuite> <!-- com.qa.Testcases.OpenCartTest -->
