<?xml version="1.0" encoding="UTF-8"?>
<!-- Generated by org.testng.reporters.JUnitReportReporter -->
<testsuite hostname="THAMU" failures="0" tests="5" name="TestNG.Parameterslogin" time="114.831" errors="0" timestamp="2023-07-26T19:10:53 IST" skipped="0">
  <testcase classname="TestNG.Parameterslogin" name="EnterloginDetails" time="17.489"/>
  <system-out/>
  <testcase classname="TestNG.Parameterslogin" name="Launchapp" time="13.960"/>
  <system-out/>
  <testcase classname="TestNG.Parameterslogin" name="customerservice" time="9.398"/>
  <system-out/>
  <testcase classname="TestNG.Parameterslogin" name="EnterloginDetails" time="32.505"/>
  <system-out/>
  <testcase classname="TestNG.Parameterslogin" name="Launchapp" time="41.479"/>
  <system-out/>
</testsuite> <!-- TestNG.Parameterslogin -->
