<?xml version="1.0" encoding="UTF-8"?>
<!-- Generated by org.testng.reporters.JUnitReportReporter -->
<testsuite hostname="THAMU" failures="0" tests="1" name="TestNG.TestAttribute.datepicker" time="0.000" errors="0" timestamp="2023-03-20T15:01:35 IST" skipped="1">
  <testcase classname="TestNG.TestAttribute.datepicker" name="tripDetails" time="0.000">
    <skipped/>
  </testcase> <!-- tripDetails -->
  <system-out/>
</testsuite> <!-- TestNG.TestAttribute.datepicker -->
