<?xml version="1.0" encoding="UTF-8"?>
<!-- Generated by org.testng.reporters.JUnitReportReporter -->
<testsuite hostname="THAMU" failures="0" tests="3" name="TestNG.dataprovider" time="149.924" errors="0" timestamp="2023-07-18T14:17:01 IST" skipped="0">
  <testcase classname="TestNG.dataprovider" name="FACEBOOK" time="19.681"/>
  <system-out/>
  <testcase classname="TestNG.dataprovider" name="FACEBOOK" time="101.769"/>
  <system-out/>
  <testcase classname="TestNG.dataprovider" name="FACEBOOK" time="28.474"/>
  <system-out/>
</testsuite> <!-- TestNG.dataprovider -->
