<?xml version="1.0" encoding="UTF-8"?>
<!-- Generated by org.testng.reporters.JUnitReportReporter -->
<testsuite hostname="THAMU" failures="0" tests="1" name="TestNG.parameters" time="0.007" errors="0" timestamp="2023-03-20T19:17:51 IST" skipped="0">
  <testcase classname="TestNG.parameters" name="TestNGOptionalParameter" time="0.007"/>
  <system-out/>
</testsuite> <!-- TestNG.parameters -->
