<?xml version="1.0" encoding="UTF-8"?>
<!-- Generated by org.testng.reporters.JUnitReportReporter -->
<testsuite hostname="THAMU" failures="0" tests="3" name="TestNG.testdependency" time="0.017" errors="0" timestamp="2023-06-09T18:10:20 IST" skipped="0">
  <testcase classname="TestNG.testdependency" name="createpurchaseorder" time="0.012"/>
  <system-out/>
  <testcase classname="TestNG.testdependency" name="trackpurchaseorder" time="0.002"/>
  <system-out/>
  <testcase classname="TestNG.testdependency" name="delivershipment" time="0.003"/>
  <system-out/>
</testsuite> <!-- TestNG.testdependency -->
