<?xml version="1.0" encoding="UTF-8"?>
<!-- Generated by org.testng.reporters.JUnitReportReporter -->
<testsuite hostname="THAMU" failures="0" tests="1" name="TestNG.popupwindow" time="32.279" errors="0" timestamp="2023-06-10T08:21:09 IST" skipped="0">
  <testcase classname="TestNG.popupwindow" name="clickElement" time="32.279"/>
  <system-out/>
</testsuite> <!-- TestNG.popupwindow -->
