<?xml version="1.0" encoding="UTF-8"?>
<!-- Generated by org.testng.reporters.JUnitReportReporter -->
<testsuite hostname="THAMU" failures="0" tests="1" name="com.qa.Testcases.GoogleTest" time="0.691" errors="0" timestamp="2023-06-22T17:07:48 IST" skipped="0">
  <testcase classname="com.qa.Testcases.GoogleTest" name="isSearchExist" time="0.691"/>
  <system-out/>
</testsuite> <!-- com.qa.Testcases.GoogleTest -->
