<?xml version="1.0" encoding="UTF-8"?>
<!-- Generated by org.testng.reporters.JUnitReportReporter -->
<testsuite hostname="THAMU" failures="0" tests="1" name="BrowserTest.chromebrowser" time="84.463" errors="0" timestamp="2023-06-16T11:01:57 IST" skipped="0">
  <testcase classname="BrowserTest.chromebrowser" name="firsttest" time="84.463"/>
  <system-out/>
</testsuite> <!-- BrowserTest.chromebrowser -->
